[INFO  - 2020-04-24T07:42:53.787Z] GhostDriver - Main - running on port 22106
[INFO  - 2020-04-24T07:42:54.190Z] Session [35138d90-85ff-11ea-9205-9bf9f46fc51b] - page.settings - {"XSSAuditingEnabled":false,"javascriptCanCloseWindows":true,"javascriptCanOpenWindows":true,"javascriptEnabled":true,"loadImages":true,"localToRemoteUrlAccessEnabled":false,"userAgent":"Mozilla/5.0 (Windows NT 6.2; WOW64) AppleWebKit/538.1 (KHTML, like Gecko) PhantomJS/2.1.1 Safari/538.1","webSecurityEnabled":true}
[INFO  - 2020-04-24T07:42:54.191Z] Session [35138d90-85ff-11ea-9205-9bf9f46fc51b] - page.customHeaders:  - {}
[INFO  - 2020-04-24T07:42:54.191Z] Session [35138d90-85ff-11ea-9205-9bf9f46fc51b] - Session.negotiatedCapabilities - {"browserName":"phantomjs","version":"2.1.1","driverName":"ghostdriver","driverVersion":"1.2.0","platform":"windows-10-32bit","javascriptEnabled":true,"takesScreenshot":true,"handlesAlerts":false,"databaseEnabled":false,"locationContextEnabled":false,"applicationCacheEnabled":false,"browserConnectionEnabled":false,"cssSelectorsEnabled":true,"webStorageEnabled":false,"rotatable":false,"acceptSslCerts":false,"nativeEvents":true,"proxy":{"proxyType":"direct"}}
[INFO  - 2020-04-24T07:42:54.191Z] SessionManagerReqHand - _postNewSessionCommand - New Session Created: 35138d90-85ff-11ea-9205-9bf9f46fc51b
[ERROR - 2020-04-24T07:42:57.657Z] Session [35138d90-85ff-11ea-9205-9bf9f46fc51b] - page.onError - msg: TypeError: undefined is not an object (evaluating 'a.omniture.tpv')
[ERROR - 2020-04-24T07:42:57.658Z] Session [35138d90-85ff-11ea-9205-9bf9f46fc51b] - page.onError - stack:
  (anonymous function) (https://img1a.flixcart.com/www/linchpin/batman-returns/omni/omni16.js:96)
[ERROR - 2020-04-24T07:42:59.473Z] Session [35138d90-85ff-11ea-9205-9bf9f46fc51b] - page.onError - msg: ReferenceError: Can't find variable: Set
[ERROR - 2020-04-24T07:42:59.473Z] Session [35138d90-85ff-11ea-9205-9bf9f46fc51b] - page.onError - stack:
  (anonymous function) (https://img1a.flixcart.com/www/linchpin/fk-cp-zion/js/vendor.chunk.086c1b03.js:33)
  d (https://img1a.flixcart.com/www/linchpin/fk-cp-zion/js/runtime.615ccab4.js:1)
  (anonymous function) (https://img1a.flixcart.com/www/linchpin/fk-cp-zion/js/vendor.chunk.086c1b03.js:12)
  d (https://img1a.flixcart.com/www/linchpin/fk-cp-zion/js/runtime.615ccab4.js:1)
  (anonymous function) (https://img1a.flixcart.com/www/linchpin/fk-cp-zion/js/app.chunk.26f7e263.js:22)
  d (https://img1a.flixcart.com/www/linchpin/fk-cp-zion/js/runtime.615ccab4.js:1)
  (anonymous function) (https://img1a.flixcart.com/www/linchpin/fk-cp-zion/js/app.chunk.26f7e263.js:22)
  d (https://img1a.flixcart.com/www/linchpin/fk-cp-zion/js/runtime.615ccab4.js:1)
  r (https://img1a.flixcart.com/www/linchpin/fk-cp-zion/js/runtime.615ccab4.js:1)
  a (https://img1a.flixcart.com/www/linchpin/fk-cp-zion/js/runtime.615ccab4.js:1)
[INFO  - 2020-04-24T07:47:53.893Z] SessionManagerReqHand - _cleanupWindowlessSessions - Asynchronous Sessions clean-up phase starting NOW
[INFO  - 2020-04-24T07:52:53.893Z] SessionManagerReqHand - _cleanupWindowlessSessions - Asynchronous Sessions clean-up phase starting NOW
[INFO  - 2020-04-24T07:57:53.893Z] SessionManagerReqHand - _cleanupWindowlessSessions - Asynchronous Sessions clean-up phase starting NOW
[INFO  - 2020-04-24T08:02:53.892Z] SessionManagerReqHand - _cleanupWindowlessSessions - Asynchronous Sessions clean-up phase starting NOW
[INFO  - 2020-04-24T08:07:53.894Z] SessionManagerReqHand - _cleanupWindowlessSessions - Asynchronous Sessions clean-up phase starting NOW
[INFO  - 2020-04-24T08:12:53.894Z] SessionManagerReqHand - _cleanupWindowlessSessions - Asynchronous Sessions clean-up phase starting NOW
[INFO  - 2020-04-24T08:17:53.895Z] SessionManagerReqHand - _cleanupWindowlessSessions - Asynchronous Sessions clean-up phase starting NOW
[INFO  - 2020-04-24T08:22:53.894Z] SessionManagerReqHand - _cleanupWindowlessSessions - Asynchronous Sessions clean-up phase starting NOW
[INFO  - 2020-04-24T08:27:53.896Z] SessionManagerReqHand - _cleanupWindowlessSessions - Asynchronous Sessions clean-up phase starting NOW
[INFO  - 2020-04-24T08:32:53.897Z] SessionManagerReqHand - _cleanupWindowlessSessions - Asynchronous Sessions clean-up phase starting NOW
 _postNewSessionCommand - New Session Created: 152045e0-8600-11ea-ba07-e1159ea501dd
[ERROR - 2020-04-24T07:49:13.883Z] Session [152045e0-8600-11ea-ba07-e1159ea501dd] - page.onError - msg: TypeError: undefined is not an object (evaluating 'a.omniture.tpv')
[ERROR - 2020-04-24T07:49:13.883Z] Session [152045e0-8600-11ea-ba07-e1159ea501dd] - page.onError - stack:
  (anonymous function) (https://img1a.flixcart.com/www/linchpin/batman-returns/omni/omni16.js:96)
[ERROR - 2020-04-24T07:49:15.361Z] Session [152045e0-8600-11ea-ba07-e1159ea501dd] - page.onError - msg: ReferenceError: Can't find variable: Set
[ERROR - 2020-04-24T07:49:15.361Z] Session [152045e0-8600-11ea-ba07-e1159ea501dd] - page.onError - stack:
  (anonymous function) (https://img1a.flixcart.com/www/linchpin/fk-cp-zion/js/vendor.chunk.086c1b03.js:33)
  d (https://img1a.flixcart.com/www/linchpin/fk-cp-zion/js/runtime.615ccab4.js:1)
  (anonymous function) (https://img1a.flixcart.com/www/linchpin/fk-cp-zion/js/vendor.chunk.086c1b03.js:12)
  d (https://img1a.flixcart.com/www/linchpin/fk-cp-zion/js/runtime.615ccab4.js:1)
  (anonymous function) (https://img1a.flixcart.com/www/linchpin/fk-cp-zion/js/app.chunk.26f7e263.js:22)
  d (https://img1a.flixcart.com/www/linchpin/fk-cp-zion/js/runtime.615ccab4.js:1)
  (anonymous function) (https://img1a.flixcart.com/www/linchpin/fk-cp-zion/js/app.chunk.26f7e263.js:22)
  d (https://img1a.flixcart.com/www/linchpin/fk-cp-zion/js/runtime.615ccab4.js:1)
  r (https://img1a.flixcart.com/www/linchpin/fk-cp-zion/js/runtime.615ccab4.js:1)
  a (https://img1a.flixcart.com/www/linchpin/fk-cp-zion/js/runtime.615ccab4.js:1)
[INFO  - 2020-04-24T07:54:09.315Z] SessionManagerReqHand - _cleanupWindowlessSessions - Asynchronous Sessions clean-up phase starting NOW
[INFO  - 2020-04-24T07:59:09.315Z] SessionManagerReqHand - _cleanupWindowlessSessions - Asynchronous Sessions clean-up phase starting NOW
[INFO  - 2020-04-24T08:04:09.315Z] SessionManagerReqHand - _cleanupWindowlessSessions - Asynchronous Sessions clean-up phase starting NOW
[INFO  - 2020-04-24T08:09:09.315Z] SessionManagerReqHand - _cleanupWindowlessSessions - Asynchronous Sessions clean-up phase starting NOW
[INFO  - 2020-04-24T08:14:09.315Z] SessionManagerReqHand - _cleanupWindowlessSessions - Asynchronous Sessions clean-up phase starting NOW
[INFO  - 2020-04-24T08:19:09.314Z] SessionManagerReqHand - _cleanupWindowlessSessions - Asynchronous Sessions clean-up phase starting NOW
[INFO  - 2020-04-24T08:24:09.319Z] SessionManagerReqHand - _cleanupWindowlessSessions - Asynchronous Sessions clean-up phase starting NOW
[INFO  - 2020-04-24T08:29:09.320Z] SessionManagerReqHand - _cleanupWindowlessSessions - Asynchronous Sessions clean-up phase starting NOW
[INFO  - 2020-04-24T08:34:09.322Z] SessionManagerReqHand - _cleanupWindowlessSessions - Asynchronous Sessions clean-up phase starting NOW
- _postNewSessionCommand - New Session Created: 4208dae0-8600-11ea-b681-6de633bb3ea9
[ERROR - 2020-04-24T07:50:28.358Z] Session [4208dae0-8600-11ea-b681-6de633bb3ea9] - page.onError - msg: TypeError: undefined is not an object (evaluating 'a.omniture.tpv')
[ERROR - 2020-04-24T07:50:28.358Z] Session [4208dae0-8600-11ea-b681-6de633bb3ea9] - page.onError - stack:
  (anonymous function) (https://img1a.flixcart.com/www/linchpin/batman-returns/omni/omni16.js:96)
[ERROR - 2020-04-24T07:50:30.049Z] Session [4208dae0-8600-11ea-b681-6de633bb3ea9] - page.onError - msg: ReferenceError: Can't find variable: Set
[ERROR - 2020-04-24T07:50:30.049Z] Session [4208dae0-8600-11ea-b681-6de633bb3ea9] - page.onError - stack:
  (anonymous function) (https://img1a.flixcart.com/www/linchpin/fk-cp-zion/js/vendor.chunk.086c1b03.js:33)
  d (https://img1a.flixcart.com/www/linchpin/fk-cp-zion/js/runtime.615ccab4.js:1)
  (anonymous function) (https://img1a.flixcart.com/www/linchpin/fk-cp-zion/js/vendor.chunk.086c1b03.js:12)
  d (https://img1a.flixcart.com/www/linchpin/fk-cp-zion/js/runtime.615ccab4.js:1)
  (anonymous function) (https://img1a.flixcart.com/www/linchpin/fk-cp-zion/js/app.chunk.26f7e263.js:22)
  d (https://img1a.flixcart.com/www/linchpin/fk-cp-zion/js/runtime.615ccab4.js:1)
  (anonymous function) (https://img1a.flixcart.com/www/linchpin/fk-cp-zion/js/app.chunk.26f7e263.js:22)
  d (https://img1a.flixcart.com/www/linchpin/fk-cp-zion/js/runtime.615ccab4.js:1)
  r (https://img1a.flixcart.com/www/linchpin/fk-cp-zion/js/runtime.615ccab4.js:1)
  a (https://img1a.flixcart.com/www/linchpin/fk-cp-zion/js/runtime.615ccab4.js:1)
[INFO  - 2020-04-24T07:55:24.717Z] SessionManagerReqHand - _cleanupWindowlessSessions - Asynchronous Sessions clean-up phase starting NOW
[INFO  - 2020-04-24T08:00:24.722Z] SessionManagerReqHand - _cleanupWindowlessSessions - Asynchronous Sessions clean-up phase starting NOW
[INFO  - 2020-04-24T08:05:24.721Z] SessionManagerReqHand - _cleanupWindowlessSessions - Asynchronous Sessions clean-up phase starting NOW
[INFO  - 2020-04-24T08:10:24.728Z] SessionManagerReqHand - _cleanupWindowlessSessions - Asynchronous Sessions clean-up phase starting NOW
[INFO  - 2020-04-24T08:15:24.730Z] SessionManagerReqHand - _cleanupWindowlessSessions - Asynchronous Sessions clean-up phase starting NOW
[INFO  - 2020-04-24T08:20:24.731Z] SessionManagerReqHand - _cleanupWindowlessSessions - Asynchronous Sessions clean-up phase starting NOW
[INFO  - 2020-04-24T08:25:24.730Z] SessionManagerReqHand - _cleanupWindowlessSessions - Asynchronous Sessions clean-up phase starting NOW
[INFO  - 2020-04-24T08:30:24.729Z] SessionManagerReqHand - _cleanupWindowlessSessions - Asynchronous Sessions clean-up phase starting NOW
[INFO  - 2020-04-24T08:35:24.730Z] SessionManagerReqHand - _cleanupWindowlessSessions - Asynchronous Sessions clean-up phase starting NOW
 _postNewSessionCommand - New Session Created: 6278fe40-8600-11ea-8273-6bc239091d64
[ERROR - 2020-04-24T07:51:23.371Z] Session [6278fe40-8600-11ea-8273-6bc239091d64] - page.onError - msg: TypeError: undefined is not an object (evaluating 'a.omniture.tpv')
[ERROR - 2020-04-24T07:51:23.371Z] Session [6278fe40-8600-11ea-8273-6bc239091d64] - page.onError - stack:
  (anonymous function) (https://img1a.flixcart.com/www/linchpin/batman-returns/omni/omni16.js:96)
[ERROR - 2020-04-24T07:51:25.408Z] Session [6278fe40-8600-11ea-8273-6bc239091d64] - page.onError - msg: ReferenceError: Can't find variable: Set
[ERROR - 2020-04-24T07:51:25.408Z] Session [6278fe40-8600-11ea-8273-6bc239091d64] - page.onError - stack:
  (anonymous function) (https://img1a.flixcart.com/www/linchpin/fk-cp-zion/js/vendor.chunk.086c1b03.js:33)
  d (https://img1a.flixcart.com/www/linchpin/fk-cp-zion/js/runtime.615ccab4.js:1)
  (anonymous function) (https://img1a.flixcart.com/www/linchpin/fk-cp-zion/js/vendor.chunk.086c1b03.js:12)
  d (https://img1a.flixcart.com/www/linchpin/fk-cp-zion/js/runtime.615ccab4.js:1)
  (anonymous function) (https://img1a.flixcart.com/www/linchpin/fk-cp-zion/js/app.chunk.26f7e263.js:22)
  d (https://img1a.flixcart.com/www/linchpin/fk-cp-zion/js/runtime.615ccab4.js:1)
  (anonymous function) (https://img1a.flixcart.com/www/linchpin/fk-cp-zion/js/app.chunk.26f7e263.js:22)
  d (https://img1a.flixcart.com/www/linchpin/fk-cp-zion/js/runtime.615ccab4.js:1)
  r (https://img1a.flixcart.com/www/linchpin/fk-cp-zion/js/runtime.615ccab4.js:1)
  a (https://img1a.flixcart.com/www/linchpin/fk-cp-zion/js/runtime.615ccab4.js:1)
[INFO  - 2020-04-24T07:56:19.127Z] SessionManagerReqHand - _cleanupWindowlessSessions - Asynchronous Sessions clean-up phase starting NOW
[INFO  - 2020-04-24T08:01:19.127Z] SessionManagerReqHand - _cleanupWindowlessSessions - Asynchronous Sessions clean-up phase starting NOW
[INFO  - 2020-04-24T08:06:19.130Z] SessionManagerReqHand - _cleanupWindowlessSessions - Asynchronous Sessions clean-up phase starting NOW
[INFO  - 2020-04-24T08:11:19.130Z] SessionManagerReqHand - _cleanupWindowlessSessions - Asynchronous Sessions clean-up phase starting NOW
[INFO  - 2020-04-24T08:16:19.131Z] SessionManagerReqHand - _cleanupWindowlessSessions - Asynchronous Sessions clean-up phase starting NOW
[INFO  - 2020-04-24T08:21:19.131Z] SessionManagerReqHand - _cleanupWindowlessSessions - Asynchronous Sessions clean-up phase starting NOW
[INFO  - 2020-04-24T08:26:19.131Z] SessionManagerReqHand - _cleanupWindowlessSessions - Asynchronous Sessions clean-up phase starting NOW
[INFO  - 2020-04-24T08:31:19.130Z] SessionManagerReqHand - _cleanupWindowlessSessions - Asynchronous Sessions clean-up phase starting NOW
[INFO  - 2020-04-24T08:36:19.132Z] SessionManagerReqHand - _cleanupWindowlessSessions - Asynchronous Sessions clean-up phase starting NOW
false,"acceptSslCerts":false,"nativeEvents":true,"proxy":{"proxyType":"direct"}}
[INFO  - 2020-04-24T08:00:23.805Z] SessionManagerReqHand - _postNewSessionCommand - New Session Created: a6b1a250-8601-11ea-99b1-6789da3d2dca
[ERROR - 2020-04-24T08:00:28.009Z] Session [a6b1a250-8601-11ea-99b1-6789da3d2dca] - page.onError - msg: TypeError: undefined is not an object (evaluating 'a.omniture.tpv')
[ERROR - 2020-04-24T08:00:28.009Z] Session [a6b1a250-8601-11ea-99b1-6789da3d2dca] - page.onError - stack:
  (anonymous function) (https://img1a.flixcart.com/www/linchpin/batman-returns/omni/omni16.js:96)
[ERROR - 2020-04-24T08:00:29.754Z] Session [a6b1a250-8601-11ea-99b1-6789da3d2dca] - page.onError - msg: ReferenceError: Can't find variable: Set
[ERROR - 2020-04-24T08:00:29.754Z] Session [a6b1a250-8601-11ea-99b1-6789da3d2dca] - page.onError - stack:
  (anonymous function) (https://img1a.flixcart.com/www/linchpin/fk-cp-zion/js/vendor.chunk.086c1b03.js:33)
  d (https://img1a.flixcart.com/www/linchpin/fk-cp-zion/js/runtime.615ccab4.js:1)
  (anonymous function) (https://img1a.flixcart.com/www/linchpin/fk-cp-zion/js/vendor.chunk.086c1b03.js:12)
  d (https://img1a.flixcart.com/www/linchpin/fk-cp-zion/js/runtime.615ccab4.js:1)
  (anonymous function) (https://img1a.flixcart.com/www/linchpin/fk-cp-zion/js/app.chunk.26f7e263.js:22)
  d (https://img1a.flixcart.com/www/linchpin/fk-cp-zion/js/runtime.615ccab4.js:1)
  (anonymous function) (https://img1a.flixcart.com/www/linchpin/fk-cp-zion/js/app.chunk.26f7e263.js:22)
  d (https://img1a.flixcart.com/www/linchpin/fk-cp-zion/js/runtime.615ccab4.js:1)
  r (https://img1a.flixcart.com/www/linchpin/fk-cp-zion/js/runtime.615ccab4.js:1)
  a (https://img1a.flixcart.com/www/linchpin/fk-cp-zion/js/runtime.615ccab4.js:1)
[INFO  - 2020-04-24T08:05:23.298Z] SessionManagerReqHand - _cleanupWindowlessSessions - Asynchronous Sessions clean-up phase starting NOW
[INFO  - 2020-04-24T08:10:23.300Z] SessionManagerReqHand - _cleanupWindowlessSessions - Asynchronous Sessions clean-up phase starting NOW
[INFO  - 2020-04-24T08:15:23.300Z] SessionManagerReqHand - _cleanupWindowlessSessions - Asynchronous Sessions clean-up phase starting NOW
[INFO  - 2020-04-24T08:20:23.301Z] SessionManagerReqHand - _cleanupWindowlessSessions - Asynchronous Sessions clean-up phase starting NOW
[INFO  - 2020-04-24T08:25:23.300Z] SessionManagerReqHand - _cleanupWindowlessSessions - Asynchronous Sessions clean-up phase starting NOW
[INFO  - 2020-04-24T08:30:23.304Z] SessionManagerReqHand - _cleanupWindowlessSessions - Asynchronous Sessions clean-up phase starting NOW
[INFO  - 2020-04-24T08:35:23.302Z] SessionManagerReqHand - _cleanupWindowlessSessions - Asynchronous Sessions clean-up phase starting NOW
[INFO  - 2020-05-02T06:11:09.330Z] GhostDriver - Main - running on port 13992
[INFO  - 2020-05-02T06:11:09.687Z] Session [b770e610-8c3b-11ea-8f9c-ad035b1baf05] - page.settings - {"XSSAuditingEnabled":false,"javascriptCanCloseWindows":true,"javascriptCanOpenWindows":true,"javascriptEnabled":true,"loadImages":true,"localToRemoteUrlAccessEnabled":false,"userAgent":"Mozilla/5.0 (Windows NT 6.2; WOW64) AppleWebKit/538.1 (KHTML, like Gecko) PhantomJS/2.1.1 Safari/538.1","webSecurityEnabled":true}
[INFO  - 2020-05-02T06:11:09.687Z] Session [b770e610-8c3b-11ea-8f9c-ad035b1baf05] - page.customHeaders:  - {}
[INFO  - 2020-05-02T06:11:09.688Z] Session [b770e610-8c3b-11ea-8f9c-ad035b1baf05] - Session.negotiatedCapabilities - {"browserName":"phantomjs","version":"2.1.1","driverName":"ghostdriver","driverVersion":"1.2.0","platform":"windows-10-32bit","javascriptEnabled":true,"takesScreenshot":true,"handlesAlerts":false,"databaseEnabled":false,"locationContextEnabled":false,"applicationCacheEnabled":false,"browserConnectionEnabled":false,"cssSelectorsEnabled":true,"webStorageEnabled":false,"rotatable":false,"acceptSslCerts":false,"nativeEvents":true,"proxy":{"proxyType":"direct"}}
[INFO  - 2020-05-02T06:11:09.688Z] SessionManagerReqHand - _postNewSessionCommand - New Session Created: b770e610-8c3b-11ea-8f9c-ad035b1baf05
[ERROR - 2020-05-02T06:11:13.914Z] Session [b770e610-8c3b-11ea-8f9c-ad035b1baf05] - page.onError - msg: TypeError: undefined is not an object (evaluating 'a.omniture.tpv')
[ERROR - 2020-05-02T06:11:13.915Z] Session [b770e610-8c3b-11ea-8f9c-ad035b1baf05] - page.onError - stack:
  (anonymous function) (https://img1a.flixcart.com/www/linchpin/batman-returns/omni/omni16.js:96)
[ERROR - 2020-05-02T06:11:14.640Z] Session [b770e610-8c3b-11ea-8f9c-ad035b1baf05] - page.onError - msg: ReferenceError: Can't find variable: Set
[ERROR - 2020-05-02T06:11:14.641Z] Session [b770e610-8c3b-11ea-8f9c-ad035b1baf05] - page.onError - stack:
  (anonymous function) (https://img1a.flixcart.com/www/linchpin/fk-cp-zion/js/vendor.chunk.39bfe9b9.js:33)
  o (https://img1a.flixcart.com/www/linchpin/fk-cp-zion/js/runtime.2f544df7.js:1)
  (anonymous function) (https://img1a.flixcart.com/www/linchpin/fk-cp-zion/js/vendor.chunk.39bfe9b9.js:12)
  o (https://img1a.flixcart.com/www/linchpin/fk-cp-zion/js/runtime.2f544df7.js:1)
  (anonymous function) (https://img1a.flixcart.com/www/linchpin/fk-cp-zion/js/app.chunk.04df9522.js:1)
  o (https://img1a.flixcart.com/www/linchpin/fk-cp-zion/js/runtime.2f544df7.js:1)
  (anonymous function) (https://img1a.flixcart.com/www/linchpin/fk-cp-zion/js/app.chunk.04df9522.js:1)
  o (https://img1a.flixcart.com/www/linchpin/fk-cp-zion/js/runtime.2f544df7.js:1)
  r (https://img1a.flixcart.com/www/linchpin/fk-cp-zion/js/runtime.2f544df7.js:1)
  a (https://img1a.flixcart.com/www/linchpin/fk-cp-zion/js/runtime.2f544df7.js:1)
[INFO  - 2020-05-02T06:16:09.297Z] SessionManagerReqHand - _cleanupWindowlessSessions - Asynchronous Sessions clean-up phase starting NOW
[INFO  - 2020-05-02T06:21:09.300Z] SessionManagerReqHand - _cleanupWindowlessSessions - Asynchronous Sessions clean-up phase starting NOW
[INFO  - 2020-05-02T06:26:09.300Z] SessionManagerReqHand - _cleanupWindowlessSessions - Asynchronous Sessions clean-up phase starting NOW
[INFO  - 2020-05-02T06:31:09.299Z] SessionManagerReqHand - _cleanupWindowlessSessions - Asynchronous Sessions clean-up phase starting NOW
[INFO  - 2020-05-02T06:36:09.300Z] SessionManagerReqHand - _cleanupWindowlessSessions - Asynchronous Sessions clean-up phase starting NOW
[INFO  - 2020-05-02T06:41:09.301Z] SessionManagerReqHand - _cleanupWindowlessSessions - Asynchronous Sessions clean-up phase starting NOW
[INFO  - 2020-05-02T06:46:09.301Z] SessionManagerReqHand - _cleanupWindowlessSessions - Asynchronous Sessions clean-up phase starting NOW
[INFO  - 2020-05-02T06:51:09.302Z] SessionManagerReqHand - _cleanupWindowlessSessions - Asynchronous Sessions clean-up phase starting NOW
[INFO  - 2020-05-02T06:56:09.302Z] SessionManagerReqHand - _cleanupWindowlessSessions - Asynchronous Sessions clean-up phase starting NOW
[INFO  - 2020-05-02T07:01:09.302Z] SessionManagerReqHand - _cleanupWindowlessSessions - Asynchronous Sessions clean-up phase starting NOW
[INFO  - 2020-05-02T07:06:09.302Z] SessionManagerReqHand - _cleanupWindowlessSessions - Asynchronous Sessions clean-up phase starting NOW
[INFO  - 2020-05-02T07:11:09.302Z] SessionManagerReqHand - _cleanupWindowlessSessions - Asynchronous Sessions clean-up phase starting NOW
[INFO  - 2020-05-04T02:30:53.848Z] GhostDriver - Main - running on port 10363
[INFO  - 2020-05-04T02:30:54.288Z] Session [47468aa0-8daf-11ea-a45d-9b95b53a0d36] - page.settings - {"XSSAuditingEnabled":false,"javascriptCanCloseWindows":true,"javascriptCanOpenWindows":true,"javascriptEnabled":true,"loadImages":true,"localToRemoteUrlAccessEnabled":false,"userAgent":"Mozilla/5.0 (Windows NT 6.2; WOW64) AppleWebKit/538.1 (KHTML, like Gecko) PhantomJS/2.1.1 Safari/538.1","webSecurityEnabled":true}
[INFO  - 2020-05-04T02:30:54.288Z] Session [47468aa0-8daf-11ea-a45d-9b95b53a0d36] - page.customHeaders:  - {}
[INFO  - 2020-05-04T02:30:54.288Z] Session [47468aa0-8daf-11ea-a45d-9b95b53a0d36] - Session.negotiatedCapabilities - {"browserName":"phantomjs","version":"2.1.1","driverName":"ghostdriver","driverVersion":"1.2.0","platform":"windows-10-32bit","javascriptEnabled":true,"takesScreenshot":true,"handlesAlerts":false,"databaseEnabled":false,"locationContextEnabled":false,"applicationCacheEnabled":false,"browserConnectionEnabled":false,"cssSelectorsEnabled":true,"webStorageEnabled":false,"rotatable":false,"acceptSslCerts":false,"nativeEvents":true,"proxy":{"proxyType":"direct"}}
[INFO  - 2020-05-04T02:30:54.288Z] SessionManagerReqHand - _postNewSessionCommand - New Session Created: 47468aa0-8daf-11ea-a45d-9b95b53a0d36
[INFO  - 2020-05-04T02:35:54.310Z] SessionManagerReqHand - _cleanupWindowlessSessions - Asynchronous Sessions clean-up phase starting NOW
[INFO  - 2020-05-04T02:40:54.313Z] SessionManagerReqHand - _cleanupWindowlessSessions - Asynchronous Sessions clean-up phase starting NOW
[INFO  - 2020-05-04T02:45:54.313Z] SessionManagerReqHand - _cleanupWindowlessSessions - Asynchronous Sessions clean-up phase starting NOW
[INFO  - 2020-05-04T02:50:54.314Z] SessionManagerReqHand - _cleanupWindowlessSessions - Asynchronous Sessions clean-up phase starting NOW
[INFO  - 2020-05-04T02:55:54.314Z] SessionManagerReqHand - _cleanupWindowlessSessions - Asynchronous Sessions clean-up phase starting NOW
[INFO  - 2020-05-04T03:00:54.315Z] SessionManagerReqHand - _cleanupWindowlessSessions - Asynchronous Sessions clean-up phase starting NOW
[INFO  - 2020-05-04T03:05:54.313Z] SessionManagerReqHand - _cleanupWindowlessSessions - Asynchronous Sessions clean-up phase starting NOW
[INFO  - 2020-05-04T03:10:54.314Z] SessionManagerReqHand - _cleanupWindowlessSessions - Asynchronous Sessions clean-up phase starting NOW
[INFO  - 2020-05-04T03:15:54.315Z] SessionManagerReqHand - _cleanupWindowlessSessions - Asynchronous Sessions clean-up phase starting NOW
[INFO  - 2020-05-04T03:20:54.315Z] SessionManagerReqHand - _cleanupWindowlessSessions - Asynchronous Sessions clean-up phase starting NOW
[INFO  - 2020-05-04T03:25:54.317Z] SessionManagerReqHand - _cleanupWindowlessSessions - Asynchronous Sessions clean-up phase starting NOW
[INFO  - 2020-05-04T03:30:54.317Z] SessionManagerReqHand - _cleanupWindowlessSessions - Asynchronous Sessions clean-up phase starting NOW
[INFO  - 2020-05-04T03:35:54.316Z] SessionManagerReqHand - _cleanupWindowlessSessions - Asynchronous Sessions clean-up phase starting NOW
[INFO  - 2020-05-04T03:40:54.318Z] SessionManagerReqHand - _cleanupWindowlessSessions - Asynchronous Sessions clean-up phase starting NOW
[INFO  - 2020-05-04T03:45:54.316Z] SessionManagerReqHand - _cleanupWindowlessSessions - Asynchronous Sessions clean-up phase starting NOW
//img1a.flixcart.com/www/linchpin/fk-cp-zion/js/runtime.2f544df7.js:1)
  (anonymous function) (https://img1a.flixcart.com/www/linchpin/fk-cp-zion/js/app.chunk.04df9522.js:1)
  o (https://img1a.flixcart.com/www/linchpin/fk-cp-zion/js/runtime.2f544df7.js:1)
  r (https://img1a.flixcart.com/www/linchpin/fk-cp-zion/js/runtime.2f544df7.js:1)
  a (https://img1a.flixcart.com/www/linchpin/fk-cp-zion/js/runtime.2f544df7.js:1)
[ERROR - 2020-05-04T02:32:43.302Z] Session [86e0bcd0-8daf-11ea-86f2-398e31cc817f] - page.onError - msg: TypeError: undefined is not an object (evaluating 'a.omniture.tpv')
[ERROR - 2020-05-04T02:32:43.303Z] Session [86e0bcd0-8daf-11ea-86f2-398e31cc817f] - page.onError - stack:
  (anonymous function) (https://img1a.flixcart.com/www/linchpin/batman-returns/omni/omni16.js:96)
[INFO  - 2020-05-04T02:37:40.372Z] SessionManagerReqHand - _cleanupWindowlessSessions - Asynchronous Sessions clean-up phase starting NOW
[INFO  - 2020-05-04T02:42:40.388Z] SessionManagerReqHand - _cleanupWindowlessSessions - Asynchronous Sessions clean-up phase starting NOW
[INFO  - 2020-05-04T02:47:40.390Z] SessionManagerReqHand - _cleanupWindowlessSessions - Asynchronous Sessions clean-up phase starting NOW
[INFO  - 2020-05-04T02:52:40.392Z] SessionManagerReqHand - _cleanupWindowlessSessions - Asynchronous Sessions clean-up phase starting NOW
[INFO  - 2020-05-04T02:57:40.390Z] SessionManagerReqHand - _cleanupWindowlessSessions - Asynchronous Sessions clean-up phase starting NOW
[INFO  - 2020-05-04T03:02:40.391Z] SessionManagerReqHand - _cleanupWindowlessSessions - Asynchronous Sessions clean-up phase starting NOW
[INFO  - 2020-05-04T03:07:40.392Z] SessionManagerReqHand - _cleanupWindowlessSessions - Asynchronous Sessions clean-up phase starting NOW
[INFO  - 2020-05-04T03:12:40.394Z] SessionManagerReqHand - _cleanupWindowlessSessions - Asynchronous Sessions clean-up phase starting NOW
[INFO  - 2020-05-04T03:17:40.392Z] SessionManagerReqHand - _cleanupWindowlessSessions - Asynchronous Sessions clean-up phase starting NOW
[INFO  - 2020-05-04T03:22:40.393Z] SessionManagerReqHand - _cleanupWindowlessSessions - Asynchronous Sessions clean-up phase starting NOW
[INFO  - 2020-05-04T03:27:40.395Z] SessionManagerReqHand - _cleanupWindowlessSessions - Asynchronous Sessions clean-up phase starting NOW
[INFO  - 2020-05-04T03:32:40.393Z] SessionManagerReqHand - _cleanupWindowlessSessions - Asynchronous Sessions clean-up phase starting NOW
[INFO  - 2020-05-04T03:37:40.394Z] SessionManagerReqHand - _cleanupWindowlessSessions - Asynchronous Sessions clean-up phase starting NOW
[INFO  - 2020-05-04T03:42:40.395Z] SessionManagerReqHand - _cleanupWindowlessSessions - Asynchronous Sessions clean-up phase starting NOW
page.onError - stack:
  (anonymous function) (https://img1a.flixcart.com/www/linchpin/fk-cp-zion/js/vendor.chunk.39bfe9b9.js:33)
  o (https://img1a.flixcart.com/www/linchpin/fk-cp-zion/js/runtime.2f544df7.js:1)
  (anonymous function) (https://img1a.flixcart.com/www/linchpin/fk-cp-zion/js/vendor.chunk.39bfe9b9.js:12)
  o (https://img1a.flixcart.com/www/linchpin/fk-cp-zion/js/runtime.2f544df7.js:1)
  (anonymous function) (https://img1a.flixcart.com/www/linchpin/fk-cp-zion/js/app.chunk.04df9522.js:1)
  o (https://img1a.flixcart.com/www/linchpin/fk-cp-zion/js/runtime.2f544df7.js:1)
  (anonymous function) (https://img1a.flixcart.com/www/linchpin/fk-cp-zion/js/app.chunk.04df9522.js:1)
  o (https://img1a.flixcart.com/www/linchpin/fk-cp-zion/js/runtime.2f544df7.js:1)
  r (https://img1a.flixcart.com/www/linchpin/fk-cp-zion/js/runtime.2f544df7.js:1)
  a (https://img1a.flixcart.com/www/linchpin/fk-cp-zion/js/runtime.2f544df7.js:1)
[INFO  - 2020-05-04T02:39:11.204Z] SessionManagerReqHand - _cleanupWindowlessSessions - Asynchronous Sessions clean-up phase starting NOW
[INFO  - 2020-05-04T02:44:11.204Z] SessionManagerReqHand - _cleanupWindowlessSessions - Asynchronous Sessions clean-up phase starting NOW
[INFO  - 2020-05-04T02:49:11.203Z] SessionManagerReqHand - _cleanupWindowlessSessions - Asynchronous Sessions clean-up phase starting NOW
[INFO  - 2020-05-04T02:54:11.208Z] SessionManagerReqHand - _cleanupWindowlessSessions - Asynchronous Sessions clean-up phase starting NOW
[INFO  - 2020-05-04T02:59:11.206Z] SessionManagerReqHand - _cleanupWindowlessSessions - Asynchronous Sessions clean-up phase starting NOW
[INFO  - 2020-05-04T03:04:11.208Z] SessionManagerReqHand - _cleanupWindowlessSessions - Asynchronous Sessions clean-up phase starting NOW
[INFO  - 2020-05-04T03:09:11.207Z] SessionManagerReqHand - _cleanupWindowlessSessions - Asynchronous Sessions clean-up phase starting NOW
[INFO  - 2020-05-04T03:14:11.208Z] SessionManagerReqHand - _cleanupWindowlessSessions - Asynchronous Sessions clean-up phase starting NOW
[INFO  - 2020-05-04T03:19:11.208Z] SessionManagerReqHand - _cleanupWindowlessSessions - Asynchronous Sessions clean-up phase starting NOW
[INFO  - 2020-05-04T03:24:11.208Z] SessionManagerReqHand - _cleanupWindowlessSessions - Asynchronous Sessions clean-up phase starting NOW
[INFO  - 2020-05-04T03:29:11.208Z] SessionManagerReqHand - _cleanupWindowlessSessions - Asynchronous Sessions clean-up phase starting NOW
[INFO  - 2020-05-04T03:34:11.214Z] SessionManagerReqHand - _cleanupWindowlessSessions - Asynchronous Sessions clean-up phase starting NOW
[INFO  - 2020-05-04T03:39:11.220Z] SessionManagerReqHand - _cleanupWindowlessSessions - Asynchronous Sessions clean-up phase starting NOW
[INFO  - 2020-05-04T03:44:11.226Z] SessionManagerReqHand - _cleanupWindowlessSessions - Asynchronous Sessions clean-up phase starting NOW
Error - msg: ReferenceError: Can't find variable: Set
[ERROR - 2020-05-04T02:39:41.086Z] Session [802a0760-8db0-11ea-bbc0-c3405b41f631] - page.onError - stack:
  (anonymous function) (https://img1a.flixcart.com/www/linchpin/fk-cp-zion/js/vendor.chunk.39bfe9b9.js:33)
  o (https://img1a.flixcart.com/www/linchpin/fk-cp-zion/js/runtime.2f544df7.js:1)
  (anonymous function) (https://img1a.flixcart.com/www/linchpin/fk-cp-zion/js/vendor.chunk.39bfe9b9.js:12)
  o (https://img1a.flixcart.com/www/linchpin/fk-cp-zion/js/runtime.2f544df7.js:1)
  (anonymous function) (https://img1a.flixcart.com/www/linchpin/fk-cp-zion/js/app.chunk.04df9522.js:1)
  o (https://img1a.flixcart.com/www/linchpin/fk-cp-zion/js/runtime.2f544df7.js:1)
  (anonymous function) (https://img1a.flixcart.com/www/linchpin/fk-cp-zion/js/app.chunk.04df9522.js:1)
  o (https://img1a.flixcart.com/www/linchpin/fk-cp-zion/js/runtime.2f544df7.js:1)
  r (https://img1a.flixcart.com/www/linchpin/fk-cp-zion/js/runtime.2f544df7.js:1)
  a (https://img1a.flixcart.com/www/linchpin/fk-cp-zion/js/runtime.2f544df7.js:1)
[INFO  - 2020-05-04T02:44:39.044Z] SessionManagerReqHand - _cleanupWindowlessSessions - Asynchronous Sessions clean-up phase starting NOW
[INFO  - 2020-05-04T02:49:39.046Z] SessionManagerReqHand - _cleanupWindowlessSessions - Asynchronous Sessions clean-up phase starting NOW
[INFO  - 2020-05-04T02:54:39.046Z] SessionManagerReqHand - _cleanupWindowlessSessions - Asynchronous Sessions clean-up phase starting NOW
[INFO  - 2020-05-04T02:59:39.048Z] SessionManagerReqHand - _cleanupWindowlessSessions - Asynchronous Sessions clean-up phase starting NOW
[INFO  - 2020-05-04T03:04:39.048Z] SessionManagerReqHand - _cleanupWindowlessSessions - Asynchronous Sessions clean-up phase starting NOW
[INFO  - 2020-05-04T03:09:39.046Z] SessionManagerReqHand - _cleanupWindowlessSessions - Asynchronous Sessions clean-up phase starting NOW
[INFO  - 2020-05-04T03:14:39.048Z] SessionManagerReqHand - _cleanupWindowlessSessions - Asynchronous Sessions clean-up phase starting NOW
[INFO  - 2020-05-04T03:19:39.047Z] SessionManagerReqHand - _cleanupWindowlessSessions - Asynchronous Sessions clean-up phase starting NOW
[INFO  - 2020-05-04T03:24:39.047Z] SessionManagerReqHand - _cleanupWindowlessSessions - Asynchronous Sessions clean-up phase starting NOW
[INFO  - 2020-05-04T03:29:39.049Z] SessionManagerReqHand - _cleanupWindowlessSessions - Asynchronous Sessions clean-up phase starting NOW
[INFO  - 2020-05-04T03:34:39.048Z] SessionManagerReqHand - _cleanupWindowlessSessions - Asynchronous Sessions clean-up phase starting NOW
[INFO  - 2020-05-04T03:39:39.048Z] SessionManagerReqHand - _cleanupWindowlessSessions - Asynchronous Sessions clean-up phase starting NOW
[INFO  - 2020-05-04T03:44:39.053Z] SessionManagerReqHand - _cleanupWindowlessSessions - Asynchronous Sessions clean-up phase starting NOW
vendor.chunk.39bfe9b9.js:33)
  o (https://img1a.flixcart.com/www/linchpin/fk-cp-zion/js/runtime.2f544df7.js:1)
  (anonymous function) (https://img1a.flixcart.com/www/linchpin/fk-cp-zion/js/vendor.chunk.39bfe9b9.js:12)
  o (https://img1a.flixcart.com/www/linchpin/fk-cp-zion/js/runtime.2f544df7.js:1)
  (anonymous function) (https://img1a.flixcart.com/www/linchpin/fk-cp-zion/js/app.chunk.04df9522.js:1)
  o (https://img1a.flixcart.com/www/linchpin/fk-cp-zion/js/runtime.2f544df7.js:1)
  (anonymous function) (https://img1a.flixcart.com/www/linchpin/fk-cp-zion/js/app.chunk.04df9522.js:1)
  o (https://img1a.flixcart.com/www/linchpin/fk-cp-zion/js/runtime.2f544df7.js:1)
  r (https://img1a.flixcart.com/www/linchpin/fk-cp-zion/js/runtime.2f544df7.js:1)
  a (https://img1a.flixcart.com/www/linchpin/fk-cp-zion/js/runtime.2f544df7.js:1)
[ERROR - 2020-05-04T02:45:29.272Z] Session [4f914630-8db1-11ea-83ef-a3ac32342c96] - page.onError - msg: TypeError: undefined is not an object (evaluating 'a.omniture.tpv')
[ERROR - 2020-05-04T02:45:29.272Z] Session [4f914630-8db1-11ea-83ef-a3ac32342c96] - page.onError - stack:
  (anonymous function) (https://img1a.flixcart.com/www/linchpin/batman-returns/omni/omni16.js:96)
[INFO  - 2020-05-04T02:50:26.359Z] SessionManagerReqHand - _cleanupWindowlessSessions - Asynchronous Sessions clean-up phase starting NOW
[INFO  - 2020-05-04T02:55:26.358Z] SessionManagerReqHand - _cleanupWindowlessSessions - Asynchronous Sessions clean-up phase starting NOW
[INFO  - 2020-05-04T03:00:26.358Z] SessionManagerReqHand - _cleanupWindowlessSessions - Asynchronous Sessions clean-up phase starting NOW
[INFO  - 2020-05-04T03:05:26.360Z] SessionManagerReqHand - _cleanupWindowlessSessions - Asynchronous Sessions clean-up phase starting NOW
[INFO  - 2020-05-04T03:10:26.358Z] SessionManagerReqHand - _cleanupWindowlessSessions - Asynchronous Sessions clean-up phase starting NOW
[INFO  - 2020-05-04T03:15:26.361Z] SessionManagerReqHand - _cleanupWindowlessSessions - Asynchronous Sessions clean-up phase starting NOW
[INFO  - 2020-05-04T03:20:26.363Z] SessionManagerReqHand - _cleanupWindowlessSessions - Asynchronous Sessions clean-up phase starting NOW
[INFO  - 2020-05-04T03:25:26.363Z] SessionManagerReqHand - _cleanupWindowlessSessions - Asynchronous Sessions clean-up phase starting NOW
[INFO  - 2020-05-04T03:30:26.365Z] SessionManagerReqHand - _cleanupWindowlessSessions - Asynchronous Sessions clean-up phase starting NOW
[INFO  - 2020-05-04T03:35:26.366Z] SessionManagerReqHand - _cleanupWindowlessSessions - Asynchronous Sessions clean-up phase starting NOW
[INFO  - 2020-05-04T03:40:26.366Z] SessionManagerReqHand - _cleanupWindowlessSessions - Asynchronous Sessions clean-up phase starting NOW
[INFO  - 2020-05-04T03:45:26.369Z] SessionManagerReqHand - _cleanupWindowlessSessions - Asynchronous Sessions clean-up phase starting NOW
www/linchpin/batman-returns/omni/omni16.js:96)
[ERROR - 2020-05-04T02:48:33.937Z] Session [be07ee20-8db1-11ea-b458-c73374bf54ea] - page.onError - msg: ReferenceError: Can't find variable: Set
[ERROR - 2020-05-04T02:48:33.938Z] Session [be07ee20-8db1-11ea-b458-c73374bf54ea] - page.onError - stack:
  (anonymous function) (https://img1a.flixcart.com/www/linchpin/fk-cp-zion/js/vendor.chunk.39bfe9b9.js:33)
  o (https://img1a.flixcart.com/www/linchpin/fk-cp-zion/js/runtime.2f544df7.js:1)
  (anonymous function) (https://img1a.flixcart.com/www/linchpin/fk-cp-zion/js/vendor.chunk.39bfe9b9.js:12)
  o (https://img1a.flixcart.com/www/linchpin/fk-cp-zion/js/runtime.2f544df7.js:1)
  (anonymous function) (https://img1a.flixcart.com/www/linchpin/fk-cp-zion/js/app.chunk.04df9522.js:1)
  o (https://img1a.flixcart.com/www/linchpin/fk-cp-zion/js/runtime.2f544df7.js:1)
  (anonymous function) (https://img1a.flixcart.com/www/linchpin/fk-cp-zion/js/app.chunk.04df9522.js:1)
  o (https://img1a.flixcart.com/www/linchpin/fk-cp-zion/js/runtime.2f544df7.js:1)
  r (https://img1a.flixcart.com/www/linchpin/fk-cp-zion/js/runtime.2f544df7.js:1)
  a (https://img1a.flixcart.com/www/linchpin/fk-cp-zion/js/runtime.2f544df7.js:1)
[INFO  - 2020-05-04T02:53:31.810Z] SessionManagerReqHand - _cleanupWindowlessSessions - Asynchronous Sessions clean-up phase starting NOW
[INFO  - 2020-05-04T02:58:31.811Z] SessionManagerReqHand - _cleanupWindowlessSessions - Asynchronous Sessions clean-up phase starting NOW
[INFO  - 2020-05-04T03:03:31.814Z] SessionManagerReqHand - _cleanupWindowlessSessions - Asynchronous Sessions clean-up phase starting NOW
[INFO  - 2020-05-04T03:08:31.812Z] SessionManagerReqHand - _cleanupWindowlessSessions - Asynchronous Sessions clean-up phase starting NOW
[INFO  - 2020-05-04T03:13:31.827Z] SessionManagerReqHand - _cleanupWindowlessSessions - Asynchronous Sessions clean-up phase starting NOW
[INFO  - 2020-05-04T03:18:31.841Z] SessionManagerReqHand - _cleanupWindowlessSessions - Asynchronous Sessions clean-up phase starting NOW
[INFO  - 2020-05-04T03:23:31.843Z] SessionManagerReqHand - _cleanupWindowlessSessions - Asynchronous Sessions clean-up phase starting NOW
[INFO  - 2020-05-04T03:28:31.845Z] SessionManagerReqHand - _cleanupWindowlessSessions - Asynchronous Sessions clean-up phase starting NOW
[INFO  - 2020-05-04T03:33:31.844Z] SessionManagerReqHand - _cleanupWindowlessSessions - Asynchronous Sessions clean-up phase starting NOW
[INFO  - 2020-05-04T03:38:31.846Z] SessionManagerReqHand - _cleanupWindowlessSessions - Asynchronous Sessions clean-up phase starting NOW
[INFO  - 2020-05-04T03:43:31.844Z] SessionManagerReqHand - _cleanupWindowlessSessions - Asynchronous Sessions clean-up phase starting NOW
T02:50:46.213Z] Session [0cde93f0-8db2-11ea-84a5-731518d5221d] - page.onError - stack:
  (anonymous function) (https://img1a.flixcart.com/www/linchpin/batman-returns/omni/omni16.js:96)
[ERROR - 2020-05-04T02:50:46.278Z] Session [0cde93f0-8db2-11ea-84a5-731518d5221d] - page.onError - msg: ReferenceError: Can't find variable: Set
[ERROR - 2020-05-04T02:50:46.278Z] Session [0cde93f0-8db2-11ea-84a5-731518d5221d] - page.onError - stack:
  (anonymous function) (https://img1a.flixcart.com/www/linchpin/fk-cp-zion/js/vendor.chunk.39bfe9b9.js:33)
  o (https://img1a.flixcart.com/www/linchpin/fk-cp-zion/js/runtime.2f544df7.js:1)
  (anonymous function) (https://img1a.flixcart.com/www/linchpin/fk-cp-zion/js/vendor.chunk.39bfe9b9.js:12)
  o (https://img1a.flixcart.com/www/linchpin/fk-cp-zion/js/runtime.2f544df7.js:1)
  (anonymous function) (https://img1a.flixcart.com/www/linchpin/fk-cp-zion/js/app.chunk.04df9522.js:1)
  o (https://img1a.flixcart.com/www/linchpin/fk-cp-zion/js/runtime.2f544df7.js:1)
  (anonymous function) (https://img1a.flixcart.com/www/linchpin/fk-cp-zion/js/app.chunk.04df9522.js:1)
  o (https://img1a.flixcart.com/www/linchpin/fk-cp-zion/js/runtime.2f544df7.js:1)
  r (https://img1a.flixcart.com/www/linchpin/fk-cp-zion/js/runtime.2f544df7.js:1)
  a (https://img1a.flixcart.com/www/linchpin/fk-cp-zion/js/runtime.2f544df7.js:1)
[INFO  - 2020-05-04T02:55:44.624Z] SessionManagerReqHand - _cleanupWindowlessSessions - Asynchronous Sessions clean-up phase starting NOW
[INFO  - 2020-05-04T03:00:44.627Z] SessionManagerReqHand - _cleanupWindowlessSessions - Asynchronous Sessions clean-up phase starting NOW
[INFO  - 2020-05-04T03:05:44.627Z] SessionManagerReqHand - _cleanupWindowlessSessions - Asynchronous Sessions clean-up phase starting NOW
[INFO  - 2020-05-04T03:10:44.626Z] SessionManagerReqHand - _cleanupWindowlessSessions - Asynchronous Sessions clean-up phase starting NOW
[INFO  - 2020-05-04T03:15:44.627Z] SessionManagerReqHand - _cleanupWindowlessSessions - Asynchronous Sessions clean-up phase starting NOW
[INFO  - 2020-05-04T03:20:44.628Z] SessionManagerReqHand - _cleanupWindowlessSessions - Asynchronous Sessions clean-up phase starting NOW
[INFO  - 2020-05-04T03:25:44.628Z] SessionManagerReqHand - _cleanupWindowlessSessions - Asynchronous Sessions clean-up phase starting NOW
[INFO  - 2020-05-04T03:30:44.628Z] SessionManagerReqHand - _cleanupWindowlessSessions - Asynchronous Sessions clean-up phase starting NOW
[INFO  - 2020-05-04T03:35:44.626Z] SessionManagerReqHand - _cleanupWindowlessSessions - Asynchronous Sessions clean-up phase starting NOW
[INFO  - 2020-05-04T03:40:44.628Z] SessionManagerReqHand - _cleanupWindowlessSessions - Asynchronous Sessions clean-up phase starting NOW
[INFO  - 2020-05-04T03:45:44.637Z] SessionManagerReqHand - _cleanupWindowlessSessions - Asynchronous Sessions clean-up phase starting NOW
T02:52:32.602Z] Session [4c405100-8db2-11ea-92f7-dd7ce39ac2c2] - page.onError - stack:
  (anonymous function) (https://img1a.flixcart.com/www/linchpin/batman-returns/omni/omni16.js:96)
[ERROR - 2020-05-04T02:52:32.751Z] Session [4c405100-8db2-11ea-92f7-dd7ce39ac2c2] - page.onError - msg: ReferenceError: Can't find variable: Set
[ERROR - 2020-05-04T02:52:32.753Z] Session [4c405100-8db2-11ea-92f7-dd7ce39ac2c2] - page.onError - stack:
  (anonymous function) (https://img1a.flixcart.com/www/linchpin/fk-cp-zion/js/vendor.chunk.39bfe9b9.js:33)
  o (https://img1a.flixcart.com/www/linchpin/fk-cp-zion/js/runtime.2f544df7.js:1)
  (anonymous function) (https://img1a.flixcart.com/www/linchpin/fk-cp-zion/js/vendor.chunk.39bfe9b9.js:12)
  o (https://img1a.flixcart.com/www/linchpin/fk-cp-zion/js/runtime.2f544df7.js:1)
  (anonymous function) (https://img1a.flixcart.com/www/linchpin/fk-cp-zion/js/app.chunk.04df9522.js:1)
  o (https://img1a.flixcart.com/www/linchpin/fk-cp-zion/js/runtime.2f544df7.js:1)
  (anonymous function) (https://img1a.flixcart.com/www/linchpin/fk-cp-zion/js/app.chunk.04df9522.js:1)
  o (https://img1a.flixcart.com/www/linchpin/fk-cp-zion/js/runtime.2f544df7.js:1)
  r (https://img1a.flixcart.com/www/linchpin/fk-cp-zion/js/runtime.2f544df7.js:1)
  a (https://img1a.flixcart.com/www/linchpin/fk-cp-zion/js/runtime.2f544df7.js:1)
[INFO  - 2020-05-04T02:57:30.970Z] SessionManagerReqHand - _cleanupWindowlessSessions - Asynchronous Sessions clean-up phase starting NOW
[INFO  - 2020-05-04T03:02:30.969Z] SessionManagerReqHand - _cleanupWindowlessSessions - Asynchronous Sessions clean-up phase starting NOW
[INFO  - 2020-05-04T03:07:30.971Z] SessionManagerReqHand - _cleanupWindowlessSessions - Asynchronous Sessions clean-up phase starting NOW
[INFO  - 2020-05-04T03:12:30.970Z] SessionManagerReqHand - _cleanupWindowlessSessions - Asynchronous Sessions clean-up phase starting NOW
[INFO  - 2020-05-04T03:17:30.970Z] SessionManagerReqHand - _cleanupWindowlessSessions - Asynchronous Sessions clean-up phase starting NOW
[INFO  - 2020-05-04T03:22:30.972Z] SessionManagerReqHand - _cleanupWindowlessSessions - Asynchronous Sessions clean-up phase starting NOW
[INFO  - 2020-05-04T03:27:30.972Z] SessionManagerReqHand - _cleanupWindowlessSessions - Asynchronous Sessions clean-up phase starting NOW
[INFO  - 2020-05-04T03:32:30.972Z] SessionManagerReqHand - _cleanupWindowlessSessions - Asynchronous Sessions clean-up phase starting NOW
[INFO  - 2020-05-04T03:37:30.973Z] SessionManagerReqHand - _cleanupWindowlessSessions - Asynchronous Sessions clean-up phase starting NOW
[INFO  - 2020-05-04T03:42:30.973Z] SessionManagerReqHand - _cleanupWindowlessSessions - Asynchronous Sessions clean-up phase starting NOW
